\BOOKMARK [1][-]{section*.1}{Abbildungsverzeichnis}{}% 1
\BOOKMARK [1][-]{section*.2}{Tabellenverzeichnis}{}% 2
\BOOKMARK [1][-]{section.1}{Glossar}{}% 3
\BOOKMARK [1][-]{section.2}{Einleitung}{}% 4
\BOOKMARK [2][-]{subsection.2.1}{Projektbeschreibung}{section.2}% 5
\BOOKMARK [2][-]{subsection.2.2}{Projektziel}{section.2}% 6
\BOOKMARK [2][-]{subsection.2.3}{Projektumfeld}{section.2}% 7
\BOOKMARK [2][-]{subsection.2.4}{Projektabgrenzung}{section.2}% 8
\BOOKMARK [1][-]{section.3}{Projektplanung}{}% 9
\BOOKMARK [2][-]{subsection.3.1}{Entwicklungsprozess}{section.3}% 10
\BOOKMARK [3][-]{subsubsection.3.1.1}{Test Driven Developtment}{subsection.3.1}% 11
\BOOKMARK [2][-]{subsection.3.2}{Projektphasen}{section.3}% 12
\BOOKMARK [2][-]{subsection.3.3}{Ressourcenplanung}{section.3}% 13
\BOOKMARK [1][-]{section.4}{Analysephase}{}% 14
\BOOKMARK [2][-]{subsection.4.1}{Ist-Analyse}{section.4}% 15
\BOOKMARK [3][-]{subsubsection.4.1.1}{OkotoPOS Cash}{subsection.4.1}% 16
\BOOKMARK [3][-]{subsubsection.4.1.2}{TranslationService}{subsection.4.1}% 17
\BOOKMARK [2][-]{subsection.4.2}{Soll-Analyse}{section.4}% 18
\BOOKMARK [2][-]{subsection.4.3}{Wirtschaftlichkeitsanalyse}{section.4}% 19
\BOOKMARK [3][-]{subsubsection.4.3.1}{''Make-Or-Buy''-Entscheidung}{subsection.4.3}% 20
\BOOKMARK [3][-]{subsubsection.4.3.2}{Kostenaufstellung}{subsection.4.3}% 21
\BOOKMARK [3][-]{subsubsection.4.3.3}{Amortisationsdauer}{subsection.4.3}% 22
\BOOKMARK [3][-]{subsubsection.4.3.4}{Monet\344re Vorteile}{subsection.4.3}% 23
\BOOKMARK [3][-]{subsubsection.4.3.5}{Nicht-monet\344re Vorteile}{subsection.4.3}% 24
\BOOKMARK [2][-]{subsection.4.4}{Anwendungsf\344lle}{section.4}% 25
\BOOKMARK [2][-]{subsection.4.5}{Lastenheft}{section.4}% 26
\BOOKMARK [1][-]{section.5}{Entwurfsphase}{}% 27
\BOOKMARK [2][-]{subsection.5.1}{Zielplattform}{section.5}% 28
\BOOKMARK [2][-]{subsection.5.2}{Architektur}{section.5}% 29
\BOOKMARK [2][-]{subsection.5.3}{Benutzeroberfl\344che}{section.5}% 30
\BOOKMARK [2][-]{subsection.5.4}{Datengrundlage}{section.5}% 31
\BOOKMARK [2][-]{subsection.5.5}{RESTful APIs}{section.5}% 32
\BOOKMARK [2][-]{subsection.5.6}{GitWebhook}{section.5}% 33
\BOOKMARK [2][-]{subsection.5.7}{Testcases}{section.5}% 34
\BOOKMARK [2][-]{subsection.5.8}{Pflichtenheft}{section.5}% 35
\BOOKMARK [1][-]{section.6}{Implementierungsphase}{}% 36
\BOOKMARK [2][-]{subsection.6.1}{Iterationsplanung}{section.6}% 37
\BOOKMARK [2][-]{subsection.6.2}{TranslationService}{section.6}% 38
\BOOKMARK [3][-]{subsubsection.6.2.1}{Erweiterung der bestehenden Datenstruktur}{subsection.6.2}% 39
\BOOKMARK [3][-]{subsubsection.6.2.2}{Erweitern der Schnittstellen}{subsection.6.2}% 40
\BOOKMARK [3][-]{subsubsection.6.2.3}{Gesch\344ftslogik}{subsection.6.2}% 41
\BOOKMARK [2][-]{subsection.6.3}{Translationupdater}{section.6}% 42
\BOOKMARK [1][-]{section.7}{Abnahme- und Einf\374hrungsphase}{}% 43
\BOOKMARK [2][-]{subsection.7.1}{Abnahme durch den Fachbereich}{section.7}% 44
\BOOKMARK [2][-]{subsection.7.2}{Deployment}{section.7}% 45
\BOOKMARK [2][-]{subsection.7.3}{Schulung der betroffenen Stakeholder}{section.7}% 46
\BOOKMARK [1][-]{section.8}{Retroperspektive}{}% 47
\BOOKMARK [2][-]{subsection.8.1}{IST-SOLL-Vergleich}{section.8}% 48
\BOOKMARK [2][-]{subsection.8.2}{Lessons Learned}{section.8}% 49
\BOOKMARK [2][-]{subsection.8.3}{Ausblick}{section.8}% 50
\BOOKMARK [1][-]{section.1}{Anhang}{}% 51
\BOOKMARK [2][-]{subsection.1.1}{Detaillierte Zeitplanung}{section.1}% 52
\BOOKMARK [2][-]{subsection.1.2}{Komponentendiagramm TranslationService}{section.1}% 53
\BOOKMARK [2][-]{subsection.1.3}{Use-Case-Diagramm}{section.1}% 54
\BOOKMARK [2][-]{subsection.1.4}{Datenbankstruktur Urfassung}{section.1}% 55
\BOOKMARK [2][-]{subsection.1.5}{Finale Datenbankstruktur}{section.1}% 56
\BOOKMARK [2][-]{subsection.1.6}{Ressourcen und Technologien}{section.1}% 57
\BOOKMARK [2][-]{subsection.1.7}{Lastenheft}{section.1}% 58
\BOOKMARK [2][-]{subsection.1.8}{Schnittstellendokumentation Auszug}{section.1}% 59
\BOOKMARK [2][-]{subsection.1.9}{Pflichtenheft}{section.1}% 60
\BOOKMARK [2][-]{subsection.1.10}{Iterationsplan TranslationService}{section.1}% 61
\BOOKMARK [2][-]{subsection.1.11}{Iterationsplan Translationupdater}{section.1}% 62
\BOOKMARK [2][-]{subsection.1.12}{TranslationService Ui}{section.1}% 63
\BOOKMARK [2][-]{subsection.1.13}{Aktivit\344tsdiagramm Translationupdater}{section.1}% 64
\BOOKMARK [2][-]{subsection.1.14}{Datenbeschaffung}{section.1}% 65
\BOOKMARK [1][-]{section.2}{Listings}{}% 66
\BOOKMARK [2][-]{subsection.2.1}{Many-To-Many Annotation}{section.2}% 67
\BOOKMARK [2][-]{subsection.2.2}{Routing}{section.2}% 68
\BOOKMARK [2][-]{subsection.2.3}{Configuration.ini}{section.2}% 69
\BOOKMARK [2][-]{subsection.2.4}{Singleton}{section.2}% 70
